<?xml version="1.0" encoding="UTF-8"?>
<testsuite xmlns:xsi="http://www.w3.org/2001/XMLSchema-instance" xsi:noNamespaceSchemaLocation="https://maven.apache.org/surefire/maven-surefire-plugin/xsd/surefire-test-report-3.0.xsd" version="3.0" name="com.example.logindemo2.Logindemo2ApplicationTests" time="2.854" tests="1" errors="0" skipped="0" failures="0">
  <properties>
    <property name="java.specification.version" value="17"/>
    <property name="sun.cpu.isalist" value="amd64"/>
    <property name="sun.jnu.encoding" value="GBK"/>
    <property name="java.class.path" value="D:\javadaima\JavaWeb\logindemo2\target\test-classes;D:\javadaima\JavaWeb\logindemo2\target\classes;D:\ruanjian\apache-maven-3.6.1-bin\apache-maven-3.6.1\mvn_resp\org\springframework\boot\spring-boot-starter-web\3.1.0\spring-boot-starter-web-3.1.0.jar;D:\ruanjian\apache-maven-3.6.1-bin\apache-maven-3.6.1\mvn_resp\org\springframework\boot\spring-boot-starter\3.1.0\spring-boot-starter-3.1.0.jar;D:\ruanjian\apache-maven-3.6.1-bin\apache-maven-3.6.1\mvn_resp\org\springframework\boot\spring-boot\3.1.0\spring-boot-3.1.0.jar;D:\ruanjian\apache-maven-3.6.1-bin\apache-maven-3.6.1\mvn_resp\org\springframework\boot\spring-boot-starter-logging\3.1.0\spring-boot-starter-logging-3.1.0.jar;D:\ruanjian\apache-maven-3.6.1-bin\apache-maven-3.6.1\mvn_resp\ch\qos\logback\logback-classic\1.4.7\logback-classic-1.4.7.jar;D:\ruanjian\apache-maven-3.6.1-bin\apache-maven-3.6.1\mvn_resp\ch\qos\logback\logback-core\1.4.7\logback-core-1.4.7.jar;D:\ruanjian\apache-maven-3.6.1-bin\apache-maven-3.6.1\mvn_resp\org\apache\logging\log4j\log4j-to-slf4j\2.20.0\log4j-to-slf4j-2.20.0.jar;D:\ruanjian\apache-maven-3.6.1-bin\apache-maven-3.6.1\mvn_resp\org\apache\logging\log4j\log4j-api\2.20.0\log4j-api-2.20.0.jar;D:\ruanjian\apache-maven-3.6.1-bin\apache-maven-3.6.1\mvn_resp\org\slf4j\jul-to-slf4j\2.0.7\jul-to-slf4j-2.0.7.jar;D:\ruanjian\apache-maven-3.6.1-bin\apache-maven-3.6.1\mvn_resp\jakarta\annotation\jakarta.annotation-api\2.1.1\jakarta.annotation-api-2.1.1.jar;D:\ruanjian\apache-maven-3.6.1-bin\apache-maven-3.6.1\mvn_resp\org\yaml\snakeyaml\1.33\snakeyaml-1.33.jar;D:\ruanjian\apache-maven-3.6.1-bin\apache-maven-3.6.1\mvn_resp\org\springframework\boot\spring-boot-starter-json\3.1.0\spring-boot-starter-json-3.1.0.jar;D:\ruanjian\apache-maven-3.6.1-bin\apache-maven-3.6.1\mvn_resp\com\fasterxml\jackson\core\jackson-databind\2.15.0\jackson-databind-2.15.0.jar;D:\ruanjian\apache-maven-3.6.1-bin\apache-maven-3.6.1\mvn_resp\com\fasterxml\jackson\core\jackson-annotations\2.15.0\jackson-annotations-2.15.0.jar;D:\ruanjian\apache-maven-3.6.1-bin\apache-maven-3.6.1\mvn_resp\com\fasterxml\jackson\core\jackson-core\2.15.0\jackson-core-2.15.0.jar;D:\ruanjian\apache-maven-3.6.1-bin\apache-maven-3.6.1\mvn_resp\com\fasterxml\jackson\datatype\jackson-datatype-jdk8\2.15.0\jackson-datatype-jdk8-2.15.0.jar;D:\ruanjian\apache-maven-3.6.1-bin\apache-maven-3.6.1\mvn_resp\com\fasterxml\jackson\datatype\jackson-datatype-jsr310\2.15.0\jackson-datatype-jsr310-2.15.0.jar;D:\ruanjian\apache-maven-3.6.1-bin\apache-maven-3.6.1\mvn_resp\com\fasterxml\jackson\module\jackson-module-parameter-names\2.15.0\jackson-module-parameter-names-2.15.0.jar;D:\ruanjian\apache-maven-3.6.1-bin\apache-maven-3.6.1\mvn_resp\org\springframework\boot\spring-boot-starter-tomcat\3.1.0\spring-boot-starter-tomcat-3.1.0.jar;D:\ruanjian\apache-maven-3.6.1-bin\apache-maven-3.6.1\mvn_resp\org\apache\tomcat\embed\tomcat-embed-core\10.1.8\tomcat-embed-core-10.1.8.jar;D:\ruanjian\apache-maven-3.6.1-bin\apache-maven-3.6.1\mvn_resp\org\apache\tomcat\embed\tomcat-embed-el\10.1.8\tomcat-embed-el-10.1.8.jar;D:\ruanjian\apache-maven-3.6.1-bin\apache-maven-3.6.1\mvn_resp\org\apache\tomcat\embed\tomcat-embed-websocket\10.1.8\tomcat-embed-websocket-10.1.8.jar;D:\ruanjian\apache-maven-3.6.1-bin\apache-maven-3.6.1\mvn_resp\org\springframework\spring-web\6.0.9\spring-web-6.0.9.jar;D:\ruanjian\apache-maven-3.6.1-bin\apache-maven-3.6.1\mvn_resp\org\springframework\spring-beans\6.0.9\spring-beans-6.0.9.jar;D:\ruanjian\apache-maven-3.6.1-bin\apache-maven-3.6.1\mvn_resp\io\micrometer\micrometer-observation\1.11.0\micrometer-observation-1.11.0.jar;D:\ruanjian\apache-maven-3.6.1-bin\apache-maven-3.6.1\mvn_resp\io\micrometer\micrometer-commons\1.11.0\micrometer-commons-1.11.0.jar;D:\ruanjian\apache-maven-3.6.1-bin\apache-maven-3.6.1\mvn_resp\org\springframework\spring-webmvc\6.0.9\spring-webmvc-6.0.9.jar;D:\ruanjian\apache-maven-3.6.1-bin\apache-maven-3.6.1\mvn_resp\org\springframework\spring-aop\6.0.9\spring-aop-6.0.9.jar;D:\ruanjian\apache-maven-3.6.1-bin\apache-maven-3.6.1\mvn_resp\org\springframework\spring-context\6.0.9\spring-context-6.0.9.jar;D:\ruanjian\apache-maven-3.6.1-bin\apache-maven-3.6.1\mvn_resp\org\springframework\spring-expression\6.0.9\spring-expression-6.0.9.jar;D:\ruanjian\apache-maven-3.6.1-bin\apache-maven-3.6.1\mvn_resp\com\mysql\mysql-connector-j\8.0.33\mysql-connector-j-8.0.33.jar;D:\ruanjian\apache-maven-3.6.1-bin\apache-maven-3.6.1\mvn_resp\org\projectlombok\lombok\1.18.26\lombok-1.18.26.jar;D:\ruanjian\apache-maven-3.6.1-bin\apache-maven-3.6.1\mvn_resp\org\springframework\boot\spring-boot-starter-test\3.1.0\spring-boot-starter-test-3.1.0.jar;D:\ruanjian\apache-maven-3.6.1-bin\apache-maven-3.6.1\mvn_resp\org\springframework\boot\spring-boot-test\3.1.0\spring-boot-test-3.1.0.jar;D:\ruanjian\apache-maven-3.6.1-bin\apache-maven-3.6.1\mvn_resp\org\springframework\boot\spring-boot-test-autoconfigure\3.1.0\spring-boot-test-autoconfigure-3.1.0.jar;D:\ruanjian\apache-maven-3.6.1-bin\apache-maven-3.6.1\mvn_resp\com\jayway\jsonpath\json-path\2.8.0\json-path-2.8.0.jar;D:\ruanjian\apache-maven-3.6.1-bin\apache-maven-3.6.1\mvn_resp\org\slf4j\slf4j-api\2.0.7\slf4j-api-2.0.7.jar;D:\ruanjian\apache-maven-3.6.1-bin\apache-maven-3.6.1\mvn_resp\jakarta\xml\bind\jakarta.xml.bind-api\4.0.0\jakarta.xml.bind-api-4.0.0.jar;D:\ruanjian\apache-maven-3.6.1-bin\apache-maven-3.6.1\mvn_resp\jakarta\activation\jakarta.activation-api\2.1.2\jakarta.activation-api-2.1.2.jar;D:\ruanjian\apache-maven-3.6.1-bin\apache-maven-3.6.1\mvn_resp\net\minidev\json-smart\2.4.10\json-smart-2.4.10.jar;D:\ruanjian\apache-maven-3.6.1-bin\apache-maven-3.6.1\mvn_resp\net\minidev\accessors-smart\2.4.9\accessors-smart-2.4.9.jar;D:\ruanjian\apache-maven-3.6.1-bin\apache-maven-3.6.1\mvn_resp\org\ow2\asm\asm\9.3\asm-9.3.jar;D:\ruanjian\apache-maven-3.6.1-bin\apache-maven-3.6.1\mvn_resp\org\assertj\assertj-core\3.24.2\assertj-core-3.24.2.jar;D:\ruanjian\apache-maven-3.6.1-bin\apache-maven-3.6.1\mvn_resp\net\bytebuddy\byte-buddy\1.14.4\byte-buddy-1.14.4.jar;D:\ruanjian\apache-maven-3.6.1-bin\apache-maven-3.6.1\mvn_resp\org\hamcrest\hamcrest\2.2\hamcrest-2.2.jar;D:\ruanjian\apache-maven-3.6.1-bin\apache-maven-3.6.1\mvn_resp\org\junit\jupiter\junit-jupiter\5.9.3\junit-jupiter-5.9.3.jar;D:\ruanjian\apache-maven-3.6.1-bin\apache-maven-3.6.1\mvn_resp\org\junit\jupiter\junit-jupiter-api\5.9.3\junit-jupiter-api-5.9.3.jar;D:\ruanjian\apache-maven-3.6.1-bin\apache-maven-3.6.1\mvn_resp\org\opentest4j\opentest4j\1.2.0\opentest4j-1.2.0.jar;D:\ruanjian\apache-maven-3.6.1-bin\apache-maven-3.6.1\mvn_resp\org\junit\platform\junit-platform-commons\1.9.3\junit-platform-commons-1.9.3.jar;D:\ruanjian\apache-maven-3.6.1-bin\apache-maven-3.6.1\mvn_resp\org\apiguardian\apiguardian-api\1.1.2\apiguardian-api-1.1.2.jar;D:\ruanjian\apache-maven-3.6.1-bin\apache-maven-3.6.1\mvn_resp\org\junit\jupiter\junit-jupiter-params\5.9.3\junit-jupiter-params-5.9.3.jar;D:\ruanjian\apache-maven-3.6.1-bin\apache-maven-3.6.1\mvn_resp\org\junit\jupiter\junit-jupiter-engine\5.9.3\junit-jupiter-engine-5.9.3.jar;D:\ruanjian\apache-maven-3.6.1-bin\apache-maven-3.6.1\mvn_resp\org\junit\platform\junit-platform-engine\1.9.3\junit-platform-engine-1.9.3.jar;D:\ruanjian\apache-maven-3.6.1-bin\apache-maven-3.6.1\mvn_resp\org\mockito\mockito-core\5.3.1\mockito-core-5.3.1.jar;D:\ruanjian\apache-maven-3.6.1-bin\apache-maven-3.6.1\mvn_resp\net\bytebuddy\byte-buddy-agent\1.14.4\byte-buddy-agent-1.14.4.jar;D:\ruanjian\apache-maven-3.6.1-bin\apache-maven-3.6.1\mvn_resp\org\objenesis\objenesis\3.3\objenesis-3.3.jar;D:\ruanjian\apache-maven-3.6.1-bin\apache-maven-3.6.1\mvn_resp\org\mockito\mockito-junit-jupiter\5.3.1\mockito-junit-jupiter-5.3.1.jar;D:\ruanjian\apache-maven-3.6.1-bin\apache-maven-3.6.1\mvn_resp\org\skyscreamer\jsonassert\1.5.1\jsonassert-1.5.1.jar;D:\ruanjian\apache-maven-3.6.1-bin\apache-maven-3.6.1\mvn_resp\com\vaadin\external\google\android-json\0.0.20131108.vaadin1\android-json-0.0.20131108.vaadin1.jar;D:\ruanjian\apache-maven-3.6.1-bin\apache-maven-3.6.1\mvn_resp\org\springframework\spring-core\6.0.9\spring-core-6.0.9.jar;D:\ruanjian\apache-maven-3.6.1-bin\apache-maven-3.6.1\mvn_resp\org\springframework\spring-jcl\6.0.9\spring-jcl-6.0.9.jar;D:\ruanjian\apache-maven-3.6.1-bin\apache-maven-3.6.1\mvn_resp\org\springframework\spring-test\6.0.9\spring-test-6.0.9.jar;D:\ruanjian\apache-maven-3.6.1-bin\apache-maven-3.6.1\mvn_resp\org\xmlunit\xmlunit-core\2.9.1\xmlunit-core-2.9.1.jar;D:\ruanjian\apache-maven-3.6.1-bin\apache-maven-3.6.1\mvn_resp\com\baomidou\mybatis-plus-boot-starter\3.5.3\mybatis-plus-boot-starter-3.5.3.jar;D:\ruanjian\apache-maven-3.6.1-bin\apache-maven-3.6.1\mvn_resp\com\baomidou\mybatis-plus\3.5.3\mybatis-plus-3.5.3.jar;D:\ruanjian\apache-maven-3.6.1-bin\apache-maven-3.6.1\mvn_resp\com\baomidou\mybatis-plus-extension\3.5.3\mybatis-plus-extension-3.5.3.jar;D:\ruanjian\apache-maven-3.6.1-bin\apache-maven-3.6.1\mvn_resp\com\baomidou\mybatis-plus-core\3.5.3\mybatis-plus-core-3.5.3.jar;D:\ruanjian\apache-maven-3.6.1-bin\apache-maven-3.6.1\mvn_resp\com\baomidou\mybatis-plus-annotation\3.5.3\mybatis-plus-annotation-3.5.3.jar;D:\ruanjian\apache-maven-3.6.1-bin\apache-maven-3.6.1\mvn_resp\com\github\jsqlparser\jsqlparser\4.4\jsqlparser-4.4.jar;D:\ruanjian\apache-maven-3.6.1-bin\apache-maven-3.6.1\mvn_resp\org\mybatis\mybatis\3.5.10\mybatis-3.5.10.jar;D:\ruanjian\apache-maven-3.6.1-bin\apache-maven-3.6.1\mvn_resp\org\mybatis\mybatis-spring\2.0.7\mybatis-spring-2.0.7.jar;D:\ruanjian\apache-maven-3.6.1-bin\apache-maven-3.6.1\mvn_resp\org\springframework\boot\spring-boot-autoconfigure\3.1.0\spring-boot-autoconfigure-3.1.0.jar;D:\ruanjian\apache-maven-3.6.1-bin\apache-maven-3.6.1\mvn_resp\org\springframework\boot\spring-boot-starter-jdbc\3.1.0\spring-boot-starter-jdbc-3.1.0.jar;D:\ruanjian\apache-maven-3.6.1-bin\apache-maven-3.6.1\mvn_resp\com\zaxxer\HikariCP\5.0.1\HikariCP-5.0.1.jar;D:\ruanjian\apache-maven-3.6.1-bin\apache-maven-3.6.1\mvn_resp\org\springframework\spring-jdbc\6.0.9\spring-jdbc-6.0.9.jar;D:\ruanjian\apache-maven-3.6.1-bin\apache-maven-3.6.1\mvn_resp\org\springframework\spring-tx\6.0.9\spring-tx-6.0.9.jar;"/>
    <property name="java.vm.vendor" value="Oracle Corporation"/>
    <property name="sun.arch.data.model" value="64"/>
    <property name="user.variant" value=""/>
    <property name="java.vendor.url" value="https://java.oracle.com/"/>
    <property name="user.timezone" value="Asia/Shanghai"/>
    <property name="os.name" value="Windows 11"/>
    <property name="java.vm.specification.version" value="17"/>
    <property name="sun.java.launcher" value="SUN_STANDARD"/>
    <property name="user.country" value="CN"/>
    <property name="sun.boot.library.path" value="D:\ruanjian\JDK\jdk-17.0.3.1\bin"/>
    <property name="sun.java.command" value="C:\Users\oyy\AppData\Local\Temp\surefire15233215522705600166\surefirebooter-20230616142328976_3.jar C:\Users\oyy\AppData\Local\Temp\surefire15233215522705600166 2023-06-16T14-22-13_214-jvmRun1 surefire-20230616142328976_1tmp surefire_0-20230616142328976_2tmp"/>
    <property name="jdk.debug" value="release"/>
    <property name="surefire.test.class.path" value="D:\javadaima\JavaWeb\logindemo2\target\test-classes;D:\javadaima\JavaWeb\logindemo2\target\classes;D:\ruanjian\apache-maven-3.6.1-bin\apache-maven-3.6.1\mvn_resp\org\springframework\boot\spring-boot-starter-web\3.1.0\spring-boot-starter-web-3.1.0.jar;D:\ruanjian\apache-maven-3.6.1-bin\apache-maven-3.6.1\mvn_resp\org\springframework\boot\spring-boot-starter\3.1.0\spring-boot-starter-3.1.0.jar;D:\ruanjian\apache-maven-3.6.1-bin\apache-maven-3.6.1\mvn_resp\org\springframework\boot\spring-boot\3.1.0\spring-boot-3.1.0.jar;D:\ruanjian\apache-maven-3.6.1-bin\apache-maven-3.6.1\mvn_resp\org\springframework\boot\spring-boot-starter-logging\3.1.0\spring-boot-starter-logging-3.1.0.jar;D:\ruanjian\apache-maven-3.6.1-bin\apache-maven-3.6.1\mvn_resp\ch\qos\logback\logback-classic\1.4.7\logback-classic-1.4.7.jar;D:\ruanjian\apache-maven-3.6.1-bin\apache-maven-3.6.1\mvn_resp\ch\qos\logback\logback-core\1.4.7\logback-core-1.4.7.jar;D:\ruanjian\apache-maven-3.6.1-bin\apache-maven-3.6.1\mvn_resp\org\apache\logging\log4j\log4j-to-slf4j\2.20.0\log4j-to-slf4j-2.20.0.jar;D:\ruanjian\apache-maven-3.6.1-bin\apache-maven-3.6.1\mvn_resp\org\apache\logging\log4j\log4j-api\2.20.0\log4j-api-2.20.0.jar;D:\ruanjian\apache-maven-3.6.1-bin\apache-maven-3.6.1\mvn_resp\org\slf4j\jul-to-slf4j\2.0.7\jul-to-slf4j-2.0.7.jar;D:\ruanjian\apache-maven-3.6.1-bin\apache-maven-3.6.1\mvn_resp\jakarta\annotation\jakarta.annotation-api\2.1.1\jakarta.annotation-api-2.1.1.jar;D:\ruanjian\apache-maven-3.6.1-bin\apache-maven-3.6.1\mvn_resp\org\yaml\snakeyaml\1.33\snakeyaml-1.33.jar;D:\ruanjian\apache-maven-3.6.1-bin\apache-maven-3.6.1\mvn_resp\org\springframework\boot\spring-boot-starter-json\3.1.0\spring-boot-starter-json-3.1.0.jar;D:\ruanjian\apache-maven-3.6.1-bin\apache-maven-3.6.1\mvn_resp\com\fasterxml\jackson\core\jackson-databind\2.15.0\jackson-databind-2.15.0.jar;D:\ruanjian\apache-maven-3.6.1-bin\apache-maven-3.6.1\mvn_resp\com\fasterxml\jackson\core\jackson-annotations\2.15.0\jackson-annotations-2.15.0.jar;D:\ruanjian\apache-maven-3.6.1-bin\apache-maven-3.6.1\mvn_resp\com\fasterxml\jackson\core\jackson-core\2.15.0\jackson-core-2.15.0.jar;D:\ruanjian\apache-maven-3.6.1-bin\apache-maven-3.6.1\mvn_resp\com\fasterxml\jackson\datatype\jackson-datatype-jdk8\2.15.0\jackson-datatype-jdk8-2.15.0.jar;D:\ruanjian\apache-maven-3.6.1-bin\apache-maven-3.6.1\mvn_resp\com\fasterxml\jackson\datatype\jackson-datatype-jsr310\2.15.0\jackson-datatype-jsr310-2.15.0.jar;D:\ruanjian\apache-maven-3.6.1-bin\apache-maven-3.6.1\mvn_resp\com\fasterxml\jackson\module\jackson-module-parameter-names\2.15.0\jackson-module-parameter-names-2.15.0.jar;D:\ruanjian\apache-maven-3.6.1-bin\apache-maven-3.6.1\mvn_resp\org\springframework\boot\spring-boot-starter-tomcat\3.1.0\spring-boot-starter-tomcat-3.1.0.jar;D:\ruanjian\apache-maven-3.6.1-bin\apache-maven-3.6.1\mvn_resp\org\apache\tomcat\embed\tomcat-embed-core\10.1.8\tomcat-embed-core-10.1.8.jar;D:\ruanjian\apache-maven-3.6.1-bin\apache-maven-3.6.1\mvn_resp\org\apache\tomcat\embed\tomcat-embed-el\10.1.8\tomcat-embed-el-10.1.8.jar;D:\ruanjian\apache-maven-3.6.1-bin\apache-maven-3.6.1\mvn_resp\org\apache\tomcat\embed\tomcat-embed-websocket\10.1.8\tomcat-embed-websocket-10.1.8.jar;D:\ruanjian\apache-maven-3.6.1-bin\apache-maven-3.6.1\mvn_resp\org\springframework\spring-web\6.0.9\spring-web-6.0.9.jar;D:\ruanjian\apache-maven-3.6.1-bin\apache-maven-3.6.1\mvn_resp\org\springframework\spring-beans\6.0.9\spring-beans-6.0.9.jar;D:\ruanjian\apache-maven-3.6.1-bin\apache-maven-3.6.1\mvn_resp\io\micrometer\micrometer-observation\1.11.0\micrometer-observation-1.11.0.jar;D:\ruanjian\apache-maven-3.6.1-bin\apache-maven-3.6.1\mvn_resp\io\micrometer\micrometer-commons\1.11.0\micrometer-commons-1.11.0.jar;D:\ruanjian\apache-maven-3.6.1-bin\apache-maven-3.6.1\mvn_resp\org\springframework\spring-webmvc\6.0.9\spring-webmvc-6.0.9.jar;D:\ruanjian\apache-maven-3.6.1-bin\apache-maven-3.6.1\mvn_resp\org\springframework\spring-aop\6.0.9\spring-aop-6.0.9.jar;D:\ruanjian\apache-maven-3.6.1-bin\apache-maven-3.6.1\mvn_resp\org\springframework\spring-context\6.0.9\spring-context-6.0.9.jar;D:\ruanjian\apache-maven-3.6.1-bin\apache-maven-3.6.1\mvn_resp\org\springframework\spring-expression\6.0.9\spring-expression-6.0.9.jar;D:\ruanjian\apache-maven-3.6.1-bin\apache-maven-3.6.1\mvn_resp\com\mysql\mysql-connector-j\8.0.33\mysql-connector-j-8.0.33.jar;D:\ruanjian\apache-maven-3.6.1-bin\apache-maven-3.6.1\mvn_resp\org\projectlombok\lombok\1.18.26\lombok-1.18.26.jar;D:\ruanjian\apache-maven-3.6.1-bin\apache-maven-3.6.1\mvn_resp\org\springframework\boot\spring-boot-starter-test\3.1.0\spring-boot-starter-test-3.1.0.jar;D:\ruanjian\apache-maven-3.6.1-bin\apache-maven-3.6.1\mvn_resp\org\springframework\boot\spring-boot-test\3.1.0\spring-boot-test-3.1.0.jar;D:\ruanjian\apache-maven-3.6.1-bin\apache-maven-3.6.1\mvn_resp\org\springframework\boot\spring-boot-test-autoconfigure\3.1.0\spring-boot-test-autoconfigure-3.1.0.jar;D:\ruanjian\apache-maven-3.6.1-bin\apache-maven-3.6.1\mvn_resp\com\jayway\jsonpath\json-path\2.8.0\json-path-2.8.0.jar;D:\ruanjian\apache-maven-3.6.1-bin\apache-maven-3.6.1\mvn_resp\org\slf4j\slf4j-api\2.0.7\slf4j-api-2.0.7.jar;D:\ruanjian\apache-maven-3.6.1-bin\apache-maven-3.6.1\mvn_resp\jakarta\xml\bind\jakarta.xml.bind-api\4.0.0\jakarta.xml.bind-api-4.0.0.jar;D:\ruanjian\apache-maven-3.6.1-bin\apache-maven-3.6.1\mvn_resp\jakarta\activation\jakarta.activation-api\2.1.2\jakarta.activation-api-2.1.2.jar;D:\ruanjian\apache-maven-3.6.1-bin\apache-maven-3.6.1\mvn_resp\net\minidev\json-smart\2.4.10\json-smart-2.4.10.jar;D:\ruanjian\apache-maven-3.6.1-bin\apache-maven-3.6.1\mvn_resp\net\minidev\accessors-smart\2.4.9\accessors-smart-2.4.9.jar;D:\ruanjian\apache-maven-3.6.1-bin\apache-maven-3.6.1\mvn_resp\org\ow2\asm\asm\9.3\asm-9.3.jar;D:\ruanjian\apache-maven-3.6.1-bin\apache-maven-3.6.1\mvn_resp\org\assertj\assertj-core\3.24.2\assertj-core-3.24.2.jar;D:\ruanjian\apache-maven-3.6.1-bin\apache-maven-3.6.1\mvn_resp\net\bytebuddy\byte-buddy\1.14.4\byte-buddy-1.14.4.jar;D:\ruanjian\apache-maven-3.6.1-bin\apache-maven-3.6.1\mvn_resp\org\hamcrest\hamcrest\2.2\hamcrest-2.2.jar;D:\ruanjian\apache-maven-3.6.1-bin\apache-maven-3.6.1\mvn_resp\org\junit\jupiter\junit-jupiter\5.9.3\junit-jupiter-5.9.3.jar;D:\ruanjian\apache-maven-3.6.1-bin\apache-maven-3.6.1\mvn_resp\org\junit\jupiter\junit-jupiter-api\5.9.3\junit-jupiter-api-5.9.3.jar;D:\ruanjian\apache-maven-3.6.1-bin\apache-maven-3.6.1\mvn_resp\org\opentest4j\opentest4j\1.2.0\opentest4j-1.2.0.jar;D:\ruanjian\apache-maven-3.6.1-bin\apache-maven-3.6.1\mvn_resp\org\junit\platform\junit-platform-commons\1.9.3\junit-platform-commons-1.9.3.jar;D:\ruanjian\apache-maven-3.6.1-bin\apache-maven-3.6.1\mvn_resp\org\apiguardian\apiguardian-api\1.1.2\apiguardian-api-1.1.2.jar;D:\ruanjian\apache-maven-3.6.1-bin\apache-maven-3.6.1\mvn_resp\org\junit\jupiter\junit-jupiter-params\5.9.3\junit-jupiter-params-5.9.3.jar;D:\ruanjian\apache-maven-3.6.1-bin\apache-maven-3.6.1\mvn_resp\org\junit\jupiter\junit-jupiter-engine\5.9.3\junit-jupiter-engine-5.9.3.jar;D:\ruanjian\apache-maven-3.6.1-bin\apache-maven-3.6.1\mvn_resp\org\junit\platform\junit-platform-engine\1.9.3\junit-platform-engine-1.9.3.jar;D:\ruanjian\apache-maven-3.6.1-bin\apache-maven-3.6.1\mvn_resp\org\mockito\mockito-core\5.3.1\mockito-core-5.3.1.jar;D:\ruanjian\apache-maven-3.6.1-bin\apache-maven-3.6.1\mvn_resp\net\bytebuddy\byte-buddy-agent\1.14.4\byte-buddy-agent-1.14.4.jar;D:\ruanjian\apache-maven-3.6.1-bin\apache-maven-3.6.1\mvn_resp\org\objenesis\objenesis\3.3\objenesis-3.3.jar;D:\ruanjian\apache-maven-3.6.1-bin\apache-maven-3.6.1\mvn_resp\org\mockito\mockito-junit-jupiter\5.3.1\mockito-junit-jupiter-5.3.1.jar;D:\ruanjian\apache-maven-3.6.1-bin\apache-maven-3.6.1\mvn_resp\org\skyscreamer\jsonassert\1.5.1\jsonassert-1.5.1.jar;D:\ruanjian\apache-maven-3.6.1-bin\apache-maven-3.6.1\mvn_resp\com\vaadin\external\google\android-json\0.0.20131108.vaadin1\android-json-0.0.20131108.vaadin1.jar;D:\ruanjian\apache-maven-3.6.1-bin\apache-maven-3.6.1\mvn_resp\org\springframework\spring-core\6.0.9\spring-core-6.0.9.jar;D:\ruanjian\apache-maven-3.6.1-bin\apache-maven-3.6.1\mvn_resp\org\springframework\spring-jcl\6.0.9\spring-jcl-6.0.9.jar;D:\ruanjian\apache-maven-3.6.1-bin\apache-maven-3.6.1\mvn_resp\org\springframework\spring-test\6.0.9\spring-test-6.0.9.jar;D:\ruanjian\apache-maven-3.6.1-bin\apache-maven-3.6.1\mvn_resp\org\xmlunit\xmlunit-core\2.9.1\xmlunit-core-2.9.1.jar;D:\ruanjian\apache-maven-3.6.1-bin\apache-maven-3.6.1\mvn_resp\com\baomidou\mybatis-plus-boot-starter\3.5.3\mybatis-plus-boot-starter-3.5.3.jar;D:\ruanjian\apache-maven-3.6.1-bin\apache-maven-3.6.1\mvn_resp\com\baomidou\mybatis-plus\3.5.3\mybatis-plus-3.5.3.jar;D:\ruanjian\apache-maven-3.6.1-bin\apache-maven-3.6.1\mvn_resp\com\baomidou\mybatis-plus-extension\3.5.3\mybatis-plus-extension-3.5.3.jar;D:\ruanjian\apache-maven-3.6.1-bin\apache-maven-3.6.1\mvn_resp\com\baomidou\mybatis-plus-core\3.5.3\mybatis-plus-core-3.5.3.jar;D:\ruanjian\apache-maven-3.6.1-bin\apache-maven-3.6.1\mvn_resp\com\baomidou\mybatis-plus-annotation\3.5.3\mybatis-plus-annotation-3.5.3.jar;D:\ruanjian\apache-maven-3.6.1-bin\apache-maven-3.6.1\mvn_resp\com\github\jsqlparser\jsqlparser\4.4\jsqlparser-4.4.jar;D:\ruanjian\apache-maven-3.6.1-bin\apache-maven-3.6.1\mvn_resp\org\mybatis\mybatis\3.5.10\mybatis-3.5.10.jar;D:\ruanjian\apache-maven-3.6.1-bin\apache-maven-3.6.1\mvn_resp\org\mybatis\mybatis-spring\2.0.7\mybatis-spring-2.0.7.jar;D:\ruanjian\apache-maven-3.6.1-bin\apache-maven-3.6.1\mvn_resp\org\springframework\boot\spring-boot-autoconfigure\3.1.0\spring-boot-autoconfigure-3.1.0.jar;D:\ruanjian\apache-maven-3.6.1-bin\apache-maven-3.6.1\mvn_resp\org\springframework\boot\spring-boot-starter-jdbc\3.1.0\spring-boot-starter-jdbc-3.1.0.jar;D:\ruanjian\apache-maven-3.6.1-bin\apache-maven-3.6.1\mvn_resp\com\zaxxer\HikariCP\5.0.1\HikariCP-5.0.1.jar;D:\ruanjian\apache-maven-3.6.1-bin\apache-maven-3.6.1\mvn_resp\org\springframework\spring-jdbc\6.0.9\spring-jdbc-6.0.9.jar;D:\ruanjian\apache-maven-3.6.1-bin\apache-maven-3.6.1\mvn_resp\org\springframework\spring-tx\6.0.9\spring-tx-6.0.9.jar;"/>
    <property name="sun.cpu.endian" value="little"/>
    <property name="user.home" value="C:\Users\oyy"/>
    <property name="user.language" value="zh"/>
    <property name="java.specification.vendor" value="Oracle Corporation"/>
    <property name="java.version.date" value="2022-04-22"/>
    <property name="java.home" value="D:\ruanjian\JDK\jdk-17.0.3.1"/>
    <property name="file.separator" value="\"/>
    <property name="basedir" value="D:\javadaima\JavaWeb\logindemo2"/>
    <property name="java.vm.compressedOopsMode" value="Zero based"/>
    <property name="line.separator" value="&#10;"/>
    <property name="java.vm.specification.vendor" value="Oracle Corporation"/>
    <property name="java.specification.name" value="Java Platform API Specification"/>
    <property name="FILE_LOG_CHARSET" value="GBK"/>
    <property name="java.awt.headless" value="true"/>
    <property name="surefire.real.class.path" value="C:\Users\oyy\AppData\Local\Temp\surefire15233215522705600166\surefirebooter-20230616142328976_3.jar"/>
    <property name="user.script" value=""/>
    <property name="sun.management.compiler" value="HotSpot 64-Bit Tiered Compilers"/>
    <property name="java.runtime.version" value="17.0.3.1+2-LTS-6"/>
    <property name="user.name" value="oyy"/>
    <property name="path.separator" value=";"/>
    <property name="os.version" value="10.0"/>
    <property name="java.runtime.name" value="Java(TM) SE Runtime Environment"/>
    <property name="file.encoding" value="GBK"/>
    <property name="java.vm.name" value="Java HotSpot(TM) 64-Bit Server VM"/>
    <property name="localRepository" value="D:\ruanjian\apache-maven-3.6.1-bin\apache-maven-3.6.1\mvn_resp"/>
    <property name="java.vendor.url.bug" value="https://bugreport.java.com/bugreport/"/>
    <property name="java.io.tmpdir" value="C:\Users\oyy\AppData\Local\Temp\"/>
    <property name="idea.version" value="2022.1.2"/>
    <property name="com.zaxxer.hikari.pool_number" value="1"/>
    <property name="java.version" value="17.0.3.1"/>
    <property name="user.dir" value="D:\javadaima\JavaWeb\logindemo2"/>
    <property name="os.arch" value="amd64"/>
    <property name="java.vm.specification.name" value="Java Virtual Machine Specification"/>
    <property name="PID" value="28632"/>
    <property name="sun.os.patch.level" value=""/>
    <property name="CONSOLE_LOG_CHARSET" value="GBK"/>
    <property name="native.encoding" value="GBK"/>
    <property name="java.library.path" value="D:\ruanjian\JDK\jdk-17.0.3.1\bin;C:\WINDOWS\Sun\Java\bin;C:\WINDOWS\system32;C:\WINDOWS;C:\Linux\bin\;C:\Windows\system32;C:\Windows;C:\Windows\System32\Wbem;C:\Windows\System32\WindowsPowerShell\v1.0\;C:\Windows\System32\OpenSSH\;C:\Program Files (x86)\NVIDIA Corporation\PhysX\Common;C:\Program Files\NVIDIA Corporation\NVIDIA NvDLISR;C:\Program Files\Bandizip\;C:\WINDOWS\system32;C:\WINDOWS;C:\WINDOWS\System32\Wbem;C:\WINDOWS\System32\WindowsPowerShell\v1.0\;C:\WINDOWS\System32\OpenSSH\;D:\ruanjian\mysql-5.7.24-winx64\mysql-5.7.24-winx64\bin;D:\ruanjian\apache-maven-3.6.1-bin\apache-maven-3.6.1\bin;D:\ruanjian\JDK\jdk-17.0.3.1\bin;D:\ruanjian\JDK\JDK1.8\bin;D:\ruanjian\mysql-5.7.24-winx64\mysql-5.7.24-winx64\bin;D:\ruanjian\nodeVue\;C:\Program Files\dotnet\;D:\ruanjian\hadoop\hadoop-3.0.0\bin;D:\ruanjian\git\Git\cmd;C:\Program Files\Pandoc\;D:\ruanjian\python\python3.11.1\Scripts\;D:\ruanjian\python\python3.11.1\;C:\Users\oyy\AppData\Local\Microsoft\WindowsApps;D:\Tencent\QQ\Bin;D:\Genshin Impact;D:\WeChat;C:\Users\oyy\AppData\Roaming\npm;."/>
    <property name="java.vm.info" value="mixed mode, sharing"/>
    <property name="java.vendor" value="Oracle Corporation"/>
    <property name="java.vm.version" value="17.0.3.1+2-LTS-6"/>
    <property name="sun.io.unicode.encoding" value="UnicodeLittle"/>
    <property name="java.class.version" value="61.0"/>
  </properties>
  <testcase name="contextLoads" classname="com.example.logindemo2.Logindemo2ApplicationTests" time="0.959">
    <system-out><![CDATA[14:23:29.872 [main] INFO org.springframework.test.context.support.AnnotationConfigContextLoaderUtils -- Could not detect default configuration classes for test class [com.example.logindemo2.Logindemo2ApplicationTests]: Logindemo2ApplicationTests does not declare any static, non-private, non-final, nested classes annotated with @Configuration.
14:23:29.946 [main] INFO org.springframework.boot.test.context.SpringBootTestContextBootstrapper -- Found @SpringBootConfiguration com.example.logindemo2.Logindemo2Application for test class com.example.logindemo2.Logindemo2ApplicationTests

  .   ____          _            __ _ _
 /\\ / ___'_ __ _ _(_)_ __  __ _ \ \ \ \
( ( )\___ | '_ | '_| | '_ \/ _` | \ \ \ \
 \\/  ___)| |_)| | | | | || (_| |  ) ) ) )
  '  |____| .__|_| |_|_| |_\__, | / / / /
 =========|_|==============|___/=/_/_/_/
 :: Spring Boot ::                (v3.1.0)

2023-06-16T14:23:30.226+08:00  INFO 28632 --- [           main] c.e.l.Logindemo2ApplicationTests         : Starting Logindemo2ApplicationTests using Java 17.0.3.1 with PID 28632 (started by oyy in D:\javadaima\JavaWeb\logindemo2)
2023-06-16T14:23:30.227+08:00  INFO 28632 --- [           main] c.e.l.Logindemo2ApplicationTests         : No active profile set, falling back to 1 default profile: "default"
Logging initialized using 'class org.apache.ibatis.logging.stdout.StdOutImpl' adapter.
Property 'mapperLocations' was not specified.
 _ _   |_  _ _|_. ___ _ |    _ 
| | |\/|_)(_| | |_\  |_)||_|_\ 
     /               |         
                        3.5.3 
2023-06-16T14:23:31.438+08:00  INFO 28632 --- [           main] o.s.b.a.w.s.WelcomePageHandlerMapping    : Adding welcome page: class path resource [static/index.html]
2023-06-16T14:23:31.643+08:00  INFO 28632 --- [           main] c.e.l.Logindemo2ApplicationTests         : Started Logindemo2ApplicationTests in 1.593 seconds (process running for 2.564)
Creating a new SqlSession
SqlSession [org.apache.ibatis.session.defaults.DefaultSqlSession@31693a86] was not registered for synchronization because synchronization is not active
2023-06-16T14:23:32.424+08:00  INFO 28632 --- [           main] com.zaxxer.hikari.HikariDataSource       : HikariPool-1 - Starting...
2023-06-16T14:23:32.548+08:00  INFO 28632 --- [           main] com.zaxxer.hikari.pool.HikariPool        : HikariPool-1 - Added connection com.mysql.cj.jdbc.ConnectionImpl@4ffe3d42
2023-06-16T14:23:32.550+08:00  INFO 28632 --- [           main] com.zaxxer.hikari.HikariDataSource       : HikariPool-1 - Start completed.
JDBC Connection [HikariProxyConnection@125992315 wrapping com.mysql.cj.jdbc.ConnectionImpl@4ffe3d42] will not be managed by Spring
==>  Preparing: SELECT id,username,password,usertype,gender,entry_date,hobby,email,introduce FROM user WHERE id=?
==> Parameters: 1(Integer)
<==    Columns: id, username, password, usertype, gender, entry_date, hobby, email, introduce
<==        Row: 1, root, 1234, 1, 1, 2023-06-15 23:49:08, xixi, 2946@qq.com, code
<==      Total: 1
Closing non transactional SqlSession [org.apache.ibatis.session.defaults.DefaultSqlSession@31693a86]
User(id=1, username=root, password=1234, usertype=1, gender=1, entryDate=2023-06-15 23:49:08, hobby=xixi, email=2946@qq.com, introduce=code)
]]></system-out>
  </testcase>
</testsuite>